<?xml version="1.0" encoding="UTF-8"?>
<!-- Generated by org.testng.reporters.JUnitReportReporter -->
<testsuite hostname="TL1103" failures="0" tests="2" name="runner.RunnerClass" time="13.101" errors="0" timestamp="2024-12-19T15:05:36 IST" skipped="0">
  <testcase classname="runner.RunnerClass" name="runScenario" time="5.467"/>
  <system-out/>
  <testcase classname="runner.RunnerClass" name="runScenario" time="7.634"/>
  <system-out/>
</testsuite> <!-- runner.RunnerClass -->
